<?xml version="1.0" encoding="utf-8"?><testsuites name="pytest tests"><testsuite name="pytest" errors="0" failures="1" skipped="0" tests="29" time="9.907" timestamp="2026-07-18T08:55:43.983191+00:00" hostname="agent-env-91a1b541-b192-4a0b-8fa9-6653e3bd4841"><testcase classname="tests.test_retroquiz_backend.TestQuizCore" name="test_categories" time="0.657" /><testcase classname="tests.test_retroquiz_backend.TestAuthAndAdminSeed" name="test_admin_can_login" time="0.701" /><testcase classname="tests.test_retroquiz_backend.TestQuizCore" name="test_start_quiz_all_combinations_return_questions[Python-Easy]" time="0.047" /><testcase classname="tests.test_retroquiz_backend.TestQuizCore" name="test_start_quiz_all_combinations_return_questions[Python-Medium]" time="0.046" /><testcase classname="tests.test_retroquiz_backend.TestQuizCore" name="test_start_quiz_all_combinations_return_questions[Python-Hard]" time="0.046" /><testcase classname="tests.test_retroquiz_backend.TestQuizCore" name="test_start_quiz_all_combinations_return_questions[DBMS-Easy]" time="0.269" /><testcase classname="tests.test_retroquiz_backend.TestAuthAndAdminSeed" name="test_register_returns_dev_verify_link" time="0.365" /><testcase classname="tests.test_retroquiz_backend.TestAuthAndAdminSeed" name="test_verify_email_and_reuse_is_already_verified" time="0.240"><failure message="Failed: Reusing verify token returned 400 instead of 200 already_verified. body={&quot;detail&quot;:&quot;Invalid verification link&quot;}">backend/tests/test_retroquiz_backend.py:89: in test_verify_email_and_reuse_is_already_verified
    pytest.fail(
E   Failed: Reusing verify token returned 400 instead of 200 already_verified. body={"detail":"Invalid verification link"}</failure></testcase><testcase classname="tests.test_retroquiz_backend.TestQuizCore" name="test_start_quiz_all_combinations_return_questions[DBMS-Medium]" time="0.046" /><testcase classname="tests.test_retroquiz_backend.TestQuizCore" name="test_start_quiz_all_combinations_return_questions[DBMS-Hard]" time="0.047" /><testcase classname="tests.test_retroquiz_backend.TestQuizCore" name="test_start_quiz_all_combinations_return_questions[OS-Easy]" time="0.086" /><testcase classname="tests.test_retroquiz_backend.TestQuizCore" name="test_start_quiz_all_combinations_return_questions[OS-Medium]" time="0.048" /><testcase classname="tests.test_retroquiz_backend.TestQuizCore" name="test_start_quiz_all_combinations_return_questions[OS-Hard]" time="0.046" /><testcase classname="tests.test_retroquiz_backend.TestAuthAndAdminSeed" name="test_resend_verification_for_new_unverified_user" time="0.402" /><testcase classname="tests.test_retroquiz_backend.TestQuizCore" name="test_start_quiz_all_combinations_return_questions[Aptitude-Easy]" time="0.049" /><testcase classname="tests.test_retroquiz_backend.TestQuizCore" name="test_start_quiz_all_combinations_return_questions[Aptitude-Medium]" time="0.265" /><testcase classname="tests.test_retroquiz_backend.TestQuizCore" name="test_start_quiz_all_combinations_return_questions[Aptitude-Hard]" time="0.050" /><testcase classname="tests.test_retroquiz_backend.TestQuizCore" name="test_bank_has_at_least_80" time="0.047" /><testcase classname="tests.test_retroquiz_backend.TestAuthAndAdminSeed" name="test_forgot_password_existing_user" time="0.095" /><testcase classname="tests.test_retroquiz_backend.TestSubmitAndScoring" name="test_negative_marking_penalty" time="0.133" /><testcase classname="tests.test_retroquiz_backend.TestAuthAndAdminSeed" name="test_forgot_password_unknown_user_returns_null" time="0.136" /><testcase classname="tests.test_retroquiz_backend.TestSubmitAndScoring" name="test_no_penalty_when_flag_false" time="0.133" /><testcase classname="tests.test_retroquiz_backend.TestAuthAndAdminSeed" name="test_reset_password_flow_and_token_reuse_rejected" time="1.414" /><testcase classname="tests.test_retroquiz_backend.TestSubmitAndScoring" name="test_certificate_generation_and_ownership" time="0.936" /><testcase classname="tests.test_retroquiz_backend.TestSubmitAndScoring" name="test_leaderboard_includes_user_id" time="0.102" /><testcase classname="tests.test_retroquiz_backend.TestAdmin" name="test_non_admin_forbidden" time="0.124" /><testcase classname="tests.test_retroquiz_backend.TestAdmin" name="test_admin_add_list_delete_question" time="0.258" /><testcase classname="tests.test_retroquiz_backend.TestAdmin" name="test_admin_analytics_shape" time="0.046" /><testcase classname="tests.test_retroquiz_backend.TestAdmin" name="test_ai_generate_gemini_flash" time="5.531" /></testsuite></testsuites>